2022-03-02 10:09:21.029 [main] INFO  c.l.s.SpringBootVueProjectApplication - Starting SpringBootVueProjectApplication using Java 1.8.0_322 on KamenRider with PID 31136 (D:\桌面\SpringBootVueProject\target\classes started by KamenRider in D:\桌面\SpringBootVueProject)
2022-03-02 10:09:21.032 [main] INFO  c.l.s.SpringBootVueProjectApplication - No active profile set, falling back to default profiles: default
2022-03-02 10:09:22.320 [main] INFO  o.s.boot.web.embedded.tomcat.TomcatWebServer - Tomcat initialized with port(s): 9090 (http)
2022-03-02 10:09:22.326 [main] INFO  org.apache.coyote.http11.Http11NioProtocol - Initializing ProtocolHandler ["http-nio-9090"]
2022-03-02 10:09:22.329 [main] INFO  org.apache.catalina.core.StandardService - Starting service [Tomcat]
2022-03-02 10:09:22.329 [main] INFO  org.apache.catalina.core.StandardEngine - Starting Servlet engine: [Apache Tomcat/9.0.56]
2022-03-02 10:09:22.388 [main] INFO  o.a.c.core.ContainerBase.[Tomcat].[localhost].[/] - Initializing Spring embedded WebApplicationContext
2022-03-02 10:09:22.389 [main] INFO  o.s.b.w.s.c.ServletWebServerApplicationContext - Root WebApplicationContext: initialization completed in 1295 ms
2022-03-02 10:09:23.043 [main] INFO  org.apache.coyote.http11.Http11NioProtocol - Starting ProtocolHandler ["http-nio-9090"]
2022-03-02 10:09:23.056 [main] INFO  o.s.boot.web.embedded.tomcat.TomcatWebServer - Tomcat started on port(s): 9090 (http) with context path ''
2022-03-02 10:09:23.200 [main] INFO  c.l.s.SpringBootVueProjectApplication - Started SpringBootVueProjectApplication in 2.613 seconds (JVM running for 3.464)
2022-03-02 10:09:40.557 [main] INFO  c.l.s.SpringBootVueProjectApplication - Starting SpringBootVueProjectApplication using Java 1.8.0_322 on KamenRider with PID 21060 (D:\桌面\SpringBootVueProject\target\classes started by KamenRider in D:\桌面\SpringBootVueProject)
2022-03-02 10:09:40.559 [main] INFO  c.l.s.SpringBootVueProjectApplication - No active profile set, falling back to default profiles: default
2022-03-02 10:09:41.792 [main] INFO  o.s.boot.web.embedded.tomcat.TomcatWebServer - Tomcat initialized with port(s): 9090 (http)
2022-03-02 10:09:41.797 [main] INFO  org.apache.coyote.http11.Http11NioProtocol - Initializing ProtocolHandler ["http-nio-9090"]
2022-03-02 10:09:41.798 [main] INFO  org.apache.catalina.core.StandardService - Starting service [Tomcat]
2022-03-02 10:09:41.798 [main] INFO  org.apache.catalina.core.StandardEngine - Starting Servlet engine: [Apache Tomcat/9.0.56]
2022-03-02 10:09:41.854 [main] INFO  o.a.c.core.ContainerBase.[Tomcat].[localhost].[/] - Initializing Spring embedded WebApplicationContext
2022-03-02 10:09:41.854 [main] INFO  o.s.b.w.s.c.ServletWebServerApplicationContext - Root WebApplicationContext: initialization completed in 1258 ms
2022-03-02 10:09:42.528 [main] INFO  org.apache.coyote.http11.Http11NioProtocol - Starting ProtocolHandler ["http-nio-9090"]
2022-03-02 10:09:42.545 [main] INFO  o.s.boot.web.embedded.tomcat.TomcatWebServer - Tomcat started on port(s): 9090 (http) with context path ''
2022-03-02 10:09:42.718 [main] INFO  c.l.s.SpringBootVueProjectApplication - Started SpringBootVueProjectApplication in 2.565 seconds (JVM running for 3.338)
2022-03-02 10:10:02.942 [http-nio-9090-exec-2] INFO  o.a.c.core.ContainerBase.[Tomcat].[localhost].[/] - Initializing Spring DispatcherServlet 'dispatcherServlet'
2022-03-02 10:10:02.943 [http-nio-9090-exec-2] INFO  org.springframework.web.servlet.DispatcherServlet - Initializing Servlet 'dispatcherServlet'
2022-03-02 10:10:02.944 [http-nio-9090-exec-2] INFO  org.springframework.web.servlet.DispatcherServlet - Completed initialization in 1 ms
2022-03-02 11:37:33.622 [main] INFO  c.l.s.SpringBootVueProjectApplication - Starting SpringBootVueProjectApplication using Java 1.8.0_322 on KamenRider with PID 16824 (D:\桌面\SpringBootVueProject\target\classes started by KamenRider in D:\桌面\SpringBootVueProject)
2022-03-02 11:37:33.624 [main] INFO  c.l.s.SpringBootVueProjectApplication - No active profile set, falling back to default profiles: default
2022-03-02 11:37:34.635 [main] INFO  o.s.boot.web.embedded.tomcat.TomcatWebServer - Tomcat initialized with port(s): 9090 (http)
2022-03-02 11:37:34.641 [main] INFO  org.apache.coyote.http11.Http11NioProtocol - Initializing ProtocolHandler ["http-nio-9090"]
2022-03-02 11:37:34.642 [main] INFO  org.apache.catalina.core.StandardService - Starting service [Tomcat]
2022-03-02 11:37:34.642 [main] INFO  org.apache.catalina.core.StandardEngine - Starting Servlet engine: [Apache Tomcat/9.0.56]
2022-03-02 11:37:34.703 [main] INFO  o.a.c.core.ContainerBase.[Tomcat].[localhost].[/] - Initializing Spring embedded WebApplicationContext
2022-03-02 11:37:34.703 [main] INFO  o.s.b.w.s.c.ServletWebServerApplicationContext - Root WebApplicationContext: initialization completed in 1038 ms
2022-03-02 11:37:35.376 [main] INFO  org.apache.coyote.http11.Http11NioProtocol - Starting ProtocolHandler ["http-nio-9090"]
2022-03-02 11:37:35.390 [main] INFO  o.s.boot.web.embedded.tomcat.TomcatWebServer - Tomcat started on port(s): 9090 (http) with context path ''
2022-03-02 11:37:35.537 [main] INFO  c.l.s.SpringBootVueProjectApplication - Started SpringBootVueProjectApplication in 2.355 seconds (JVM running for 3.295)
2022-03-02 11:37:45.799 [http-nio-9090-exec-1] INFO  o.a.c.core.ContainerBase.[Tomcat].[localhost].[/] - Initializing Spring DispatcherServlet 'dispatcherServlet'
2022-03-02 11:37:45.799 [http-nio-9090-exec-1] INFO  org.springframework.web.servlet.DispatcherServlet - Initializing Servlet 'dispatcherServlet'
2022-03-02 11:37:45.800 [http-nio-9090-exec-1] INFO  org.springframework.web.servlet.DispatcherServlet - Completed initialization in 1 ms
2022-03-02 11:38:07.606 [http-nio-9090-exec-4] WARN  o.s.w.s.m.support.DefaultHandlerExceptionResolver - Resolved [org.springframework.http.converter.HttpMessageNotReadableException: JSON parse error: Cannot deserialize value of type `java.util.Date` from String "2022-03-02T03:37:53.000Z": not a valid representation (error: Failed to parse Date value '2022-03-02T03:37:53.000Z': Unparseable date: "2022-03-02T03:37:53.000Z"); nested exception is com.fasterxml.jackson.databind.exc.InvalidFormatException: Cannot deserialize value of type `java.util.Date` from String "2022-03-02T03:37:53.000Z": not a valid representation (error: Failed to parse Date value '2022-03-02T03:37:53.000Z': Unparseable date: "2022-03-02T03:37:53.000Z")<EOL> at [Source: (PushbackInputStream); line: 1, column: 31] (through reference chain: com.lingjue.springbootvueproject.Pojo.AirQualityIndex["monitorTime"])]
2022-03-02 11:38:42.638 [http-nio-9090-exec-7] WARN  o.s.w.s.m.support.DefaultHandlerExceptionResolver - Resolved [org.springframework.http.converter.HttpMessageNotReadableException: JSON parse error: Cannot deserialize value of type `java.util.Date` from String "2022-03-02T03:38:26.000Z": not a valid representation (error: Failed to parse Date value '2022-03-02T03:38:26.000Z': Unparseable date: "2022-03-02T03:38:26.000Z"); nested exception is com.fasterxml.jackson.databind.exc.InvalidFormatException: Cannot deserialize value of type `java.util.Date` from String "2022-03-02T03:38:26.000Z": not a valid representation (error: Failed to parse Date value '2022-03-02T03:38:26.000Z': Unparseable date: "2022-03-02T03:38:26.000Z")<EOL> at [Source: (PushbackInputStream); line: 1, column: 31] (through reference chain: com.lingjue.springbootvueproject.Pojo.AirQualityIndex["monitorTime"])]
2022-03-02 11:40:17.485 [http-nio-9090-exec-3] WARN  o.s.w.s.m.support.DefaultHandlerExceptionResolver - Resolved [org.springframework.http.converter.HttpMessageNotReadableException: JSON parse error: Cannot deserialize value of type `java.util.Date` from String "2022-03-02T03:40:09.000Z": not a valid representation (error: Failed to parse Date value '2022-03-02T03:40:09.000Z': Unparseable date: "2022-03-02T03:40:09.000Z"); nested exception is com.fasterxml.jackson.databind.exc.InvalidFormatException: Cannot deserialize value of type `java.util.Date` from String "2022-03-02T03:40:09.000Z": not a valid representation (error: Failed to parse Date value '2022-03-02T03:40:09.000Z': Unparseable date: "2022-03-02T03:40:09.000Z")<EOL> at [Source: (PushbackInputStream); line: 1, column: 31] (through reference chain: com.lingjue.springbootvueproject.Pojo.AirQualityIndex["monitorTime"])]
2022-03-02 11:43:22.167 [http-nio-9090-exec-7] WARN  o.s.w.s.m.support.DefaultHandlerExceptionResolver - Resolved [org.springframework.http.converter.HttpMessageNotReadableException: JSON parse error: Cannot deserialize value of type `java.util.Date` from String "2022-03-02T03:43:19.000Z": not a valid representation (error: Failed to parse Date value '2022-03-02T03:43:19.000Z': Unparseable date: "2022-03-02T03:43:19.000Z"); nested exception is com.fasterxml.jackson.databind.exc.InvalidFormatException: Cannot deserialize value of type `java.util.Date` from String "2022-03-02T03:43:19.000Z": not a valid representation (error: Failed to parse Date value '2022-03-02T03:43:19.000Z': Unparseable date: "2022-03-02T03:43:19.000Z")<EOL> at [Source: (PushbackInputStream); line: 1, column: 67] (through reference chain: com.lingjue.springbootvueproject.Pojo.AirQualityIndex["monitorTime"])]
2022-03-02 11:44:08.644 [main] INFO  c.l.s.SpringBootVueProjectApplication - Starting SpringBootVueProjectApplication using Java 1.8.0_322 on KamenRider with PID 16524 (D:\桌面\SpringBootVueProject\target\classes started by KamenRider in D:\桌面\SpringBootVueProject)
2022-03-02 11:44:08.646 [main] INFO  c.l.s.SpringBootVueProjectApplication - No active profile set, falling back to default profiles: default
2022-03-02 11:44:09.615 [main] INFO  o.s.boot.web.embedded.tomcat.TomcatWebServer - Tomcat initialized with port(s): 9090 (http)
2022-03-02 11:44:09.621 [main] INFO  org.apache.coyote.http11.Http11NioProtocol - Initializing ProtocolHandler ["http-nio-9090"]
2022-03-02 11:44:09.622 [main] INFO  org.apache.catalina.core.StandardService - Starting service [Tomcat]
2022-03-02 11:44:09.622 [main] INFO  org.apache.catalina.core.StandardEngine - Starting Servlet engine: [Apache Tomcat/9.0.56]
2022-03-02 11:44:09.679 [main] INFO  o.a.c.core.ContainerBase.[Tomcat].[localhost].[/] - Initializing Spring embedded WebApplicationContext
2022-03-02 11:44:09.679 [main] INFO  o.s.b.w.s.c.ServletWebServerApplicationContext - Root WebApplicationContext: initialization completed in 993 ms
2022-03-02 11:44:10.327 [main] INFO  org.apache.coyote.http11.Http11NioProtocol - Starting ProtocolHandler ["http-nio-9090"]
2022-03-02 11:44:10.341 [main] INFO  o.s.boot.web.embedded.tomcat.TomcatWebServer - Tomcat started on port(s): 9090 (http) with context path ''
2022-03-02 11:44:10.498 [main] INFO  c.l.s.SpringBootVueProjectApplication - Started SpringBootVueProjectApplication in 2.246 seconds (JVM running for 3.313)
2022-03-02 11:44:18.370 [http-nio-9090-exec-1] INFO  o.a.c.core.ContainerBase.[Tomcat].[localhost].[/] - Initializing Spring DispatcherServlet 'dispatcherServlet'
2022-03-02 11:44:18.370 [http-nio-9090-exec-1] INFO  org.springframework.web.servlet.DispatcherServlet - Initializing Servlet 'dispatcherServlet'
2022-03-02 11:44:18.372 [http-nio-9090-exec-1] INFO  org.springframework.web.servlet.DispatcherServlet - Completed initialization in 2 ms
2022-03-02 11:44:18.422 [http-nio-9090-exec-1] WARN  o.s.w.s.m.support.DefaultHandlerExceptionResolver - Resolved [org.springframework.http.converter.HttpMessageNotReadableException: JSON parse error: Cannot deserialize value of type `java.util.Date` from String "2022-03-02T03:43:19.000Z": not a valid representation (error: Failed to parse Date value '2022-03-02T03:43:19.000Z': Unparseable date: "2022-03-02T03:43:19.000Z"); nested exception is com.fasterxml.jackson.databind.exc.InvalidFormatException: Cannot deserialize value of type `java.util.Date` from String "2022-03-02T03:43:19.000Z": not a valid representation (error: Failed to parse Date value '2022-03-02T03:43:19.000Z': Unparseable date: "2022-03-02T03:43:19.000Z")<EOL> at [Source: (PushbackInputStream); line: 1, column: 67] (through reference chain: com.lingjue.springbootvueproject.Pojo.AirQualityIndex["monitorTime"])]
2022-03-02 11:45:04.202 [http-nio-9090-exec-6] WARN  o.s.w.s.m.support.DefaultHandlerExceptionResolver - Resolved [org.springframework.http.converter.HttpMessageNotReadableException: JSON parse error: Cannot deserialize value of type `java.util.Date` from String "2022-03-02T03:44:57.000Z": not a valid representation (error: Failed to parse Date value '2022-03-02T03:44:57.000Z': Unparseable date: "2022-03-02T03:44:57.000Z"); nested exception is com.fasterxml.jackson.databind.exc.InvalidFormatException: Cannot deserialize value of type `java.util.Date` from String "2022-03-02T03:44:57.000Z": not a valid representation (error: Failed to parse Date value '2022-03-02T03:44:57.000Z': Unparseable date: "2022-03-02T03:44:57.000Z")<EOL> at [Source: (PushbackInputStream); line: 1, column: 31] (through reference chain: com.lingjue.springbootvueproject.Pojo.AirQualityIndex["monitorTime"])]
2022-03-02 12:22:00.733 [main] INFO  c.l.s.SpringBootVueProjectApplication - Starting SpringBootVueProjectApplication using Java 1.8.0_322 on KamenRider with PID 20692 (D:\桌面\SpringBootVueProject\target\classes started by KamenRider in D:\桌面\SpringBootVueProject)
2022-03-02 12:22:00.736 [main] INFO  c.l.s.SpringBootVueProjectApplication - No active profile set, falling back to default profiles: default
2022-03-02 12:22:01.846 [main] INFO  o.s.boot.web.embedded.tomcat.TomcatWebServer - Tomcat initialized with port(s): 9090 (http)
2022-03-02 12:22:01.853 [main] INFO  org.apache.coyote.http11.Http11NioProtocol - Initializing ProtocolHandler ["http-nio-9090"]
2022-03-02 12:22:01.853 [main] INFO  org.apache.catalina.core.StandardService - Starting service [Tomcat]
2022-03-02 12:22:01.853 [main] INFO  org.apache.catalina.core.StandardEngine - Starting Servlet engine: [Apache Tomcat/9.0.56]
2022-03-02 12:22:01.945 [main] INFO  o.a.c.core.ContainerBase.[Tomcat].[localhost].[/] - Initializing Spring embedded WebApplicationContext
2022-03-02 12:22:01.945 [main] INFO  o.s.b.w.s.c.ServletWebServerApplicationContext - Root WebApplicationContext: initialization completed in 1162 ms
2022-03-02 12:22:02.712 [main] INFO  org.apache.coyote.http11.Http11NioProtocol - Starting ProtocolHandler ["http-nio-9090"]
2022-03-02 12:22:02.724 [main] INFO  o.s.boot.web.embedded.tomcat.TomcatWebServer - Tomcat started on port(s): 9090 (http) with context path ''
2022-03-02 12:22:02.888 [main] INFO  c.l.s.SpringBootVueProjectApplication - Started SpringBootVueProjectApplication in 2.63 seconds (JVM running for 3.516)
2022-03-02 12:22:07.234 [http-nio-9090-exec-2] INFO  o.a.c.core.ContainerBase.[Tomcat].[localhost].[/] - Initializing Spring DispatcherServlet 'dispatcherServlet'
2022-03-02 12:22:07.235 [http-nio-9090-exec-2] INFO  org.springframework.web.servlet.DispatcherServlet - Initializing Servlet 'dispatcherServlet'
2022-03-02 12:22:07.236 [http-nio-9090-exec-2] INFO  org.springframework.web.servlet.DispatcherServlet - Completed initialization in 1 ms
