2022-03-03 14:52:31.407 [main] INFO  c.l.s.SpringBootVueProjectApplication - Starting SpringBootVueProjectApplication using Java 1.8.0_322 on KamenRider with PID 22340 (D:\桌面\SpringBootVueProject\target\classes started by KamenRider in D:\桌面\SpringBootVueProject)
2022-03-03 14:52:31.412 [main] INFO  c.l.s.SpringBootVueProjectApplication - No active profile set, falling back to default profiles: default
2022-03-03 14:52:32.663 [main] INFO  o.s.boot.web.embedded.tomcat.TomcatWebServer - Tomcat initialized with port(s): 9090 (http)
2022-03-03 14:52:32.670 [main] INFO  org.apache.coyote.http11.Http11NioProtocol - Initializing ProtocolHandler ["http-nio-9090"]
2022-03-03 14:52:32.671 [main] INFO  org.apache.catalina.core.StandardService - Starting service [Tomcat]
2022-03-03 14:52:32.671 [main] INFO  org.apache.catalina.core.StandardEngine - Starting Servlet engine: [Apache Tomcat/9.0.56]
2022-03-03 14:52:32.743 [main] INFO  o.a.c.core.ContainerBase.[Tomcat].[localhost].[/] - Initializing Spring embedded WebApplicationContext
2022-03-03 14:52:32.743 [main] INFO  o.s.b.w.s.c.ServletWebServerApplicationContext - Root WebApplicationContext: initialization completed in 1262 ms
2022-03-03 14:52:33.642 [main] INFO  org.apache.coyote.http11.Http11NioProtocol - Starting ProtocolHandler ["http-nio-9090"]
2022-03-03 14:52:33.656 [main] INFO  o.s.boot.web.embedded.tomcat.TomcatWebServer - Tomcat started on port(s): 9090 (http) with context path ''
2022-03-03 14:52:33.861 [main] INFO  c.l.s.SpringBootVueProjectApplication - Started SpringBootVueProjectApplication in 3.295 seconds (JVM running for 4.444)
2022-03-03 14:52:56.673 [main] INFO  c.l.s.SpringBootVueProjectApplication - Starting SpringBootVueProjectApplication using Java 1.8.0_322 on KamenRider with PID 33408 (D:\桌面\SpringBootVueProject\target\classes started by KamenRider in D:\桌面\SpringBootVueProject)
2022-03-03 14:52:56.675 [main] INFO  c.l.s.SpringBootVueProjectApplication - No active profile set, falling back to default profiles: default
2022-03-03 14:52:57.673 [main] INFO  o.s.boot.web.embedded.tomcat.TomcatWebServer - Tomcat initialized with port(s): 9090 (http)
2022-03-03 14:52:57.679 [main] INFO  org.apache.coyote.http11.Http11NioProtocol - Initializing ProtocolHandler ["http-nio-9090"]
2022-03-03 14:52:57.679 [main] INFO  org.apache.catalina.core.StandardService - Starting service [Tomcat]
2022-03-03 14:52:57.679 [main] INFO  org.apache.catalina.core.StandardEngine - Starting Servlet engine: [Apache Tomcat/9.0.56]
2022-03-03 14:52:57.737 [main] INFO  o.a.c.core.ContainerBase.[Tomcat].[localhost].[/] - Initializing Spring embedded WebApplicationContext
2022-03-03 14:52:57.738 [main] INFO  o.s.b.w.s.c.ServletWebServerApplicationContext - Root WebApplicationContext: initialization completed in 1022 ms
2022-03-03 14:52:58.404 [main] INFO  org.apache.coyote.http11.Http11NioProtocol - Starting ProtocolHandler ["http-nio-9090"]
2022-03-03 14:52:58.419 [main] INFO  o.s.boot.web.embedded.tomcat.TomcatWebServer - Tomcat started on port(s): 9090 (http) with context path ''
2022-03-03 14:52:58.572 [main] INFO  c.l.s.SpringBootVueProjectApplication - Started SpringBootVueProjectApplication in 2.314 seconds (JVM running for 3.112)
2022-03-03 14:56:00.575 [http-nio-9090-exec-1] INFO  o.a.c.core.ContainerBase.[Tomcat].[localhost].[/] - Initializing Spring DispatcherServlet 'dispatcherServlet'
2022-03-03 14:56:00.575 [http-nio-9090-exec-1] INFO  org.springframework.web.servlet.DispatcherServlet - Initializing Servlet 'dispatcherServlet'
2022-03-03 14:56:00.577 [http-nio-9090-exec-1] INFO  org.springframework.web.servlet.DispatcherServlet - Completed initialization in 2 ms
2022-03-03 15:02:58.951 [http-nio-9090-exec-7] WARN  o.s.w.s.m.support.DefaultHandlerExceptionResolver - Resolved [org.springframework.http.converter.HttpMessageNotReadableException: Required request body is missing: public java.lang.Integer com.lingjue.springbootvueproject.controller.AirQualityIndexController.batchRemove(java.util.List<java.lang.Integer>)]
2022-03-03 15:04:06.167 [main] INFO  c.l.s.SpringBootVueProjectApplication - Starting SpringBootVueProjectApplication using Java 1.8.0_322 on KamenRider with PID 41624 (D:\桌面\SpringBootVueProject\target\classes started by KamenRider in D:\桌面\SpringBootVueProject)
2022-03-03 15:04:06.170 [main] INFO  c.l.s.SpringBootVueProjectApplication - No active profile set, falling back to default profiles: default
2022-03-03 15:04:07.155 [main] INFO  o.s.boot.web.embedded.tomcat.TomcatWebServer - Tomcat initialized with port(s): 9090 (http)
2022-03-03 15:04:07.161 [main] INFO  org.apache.coyote.http11.Http11NioProtocol - Initializing ProtocolHandler ["http-nio-9090"]
2022-03-03 15:04:07.162 [main] INFO  org.apache.catalina.core.StandardService - Starting service [Tomcat]
2022-03-03 15:04:07.162 [main] INFO  org.apache.catalina.core.StandardEngine - Starting Servlet engine: [Apache Tomcat/9.0.56]
2022-03-03 15:04:07.218 [main] INFO  o.a.c.core.ContainerBase.[Tomcat].[localhost].[/] - Initializing Spring embedded WebApplicationContext
2022-03-03 15:04:07.218 [main] INFO  o.s.b.w.s.c.ServletWebServerApplicationContext - Root WebApplicationContext: initialization completed in 1001 ms
2022-03-03 15:04:07.866 [main] INFO  org.apache.coyote.http11.Http11NioProtocol - Starting ProtocolHandler ["http-nio-9090"]
2022-03-03 15:04:07.880 [main] INFO  o.s.boot.web.embedded.tomcat.TomcatWebServer - Tomcat started on port(s): 9090 (http) with context path ''
2022-03-03 15:04:08.029 [main] INFO  c.l.s.SpringBootVueProjectApplication - Started SpringBootVueProjectApplication in 2.32 seconds (JVM running for 3.113)
2022-03-03 15:04:16.355 [http-nio-9090-exec-1] INFO  o.a.c.core.ContainerBase.[Tomcat].[localhost].[/] - Initializing Spring DispatcherServlet 'dispatcherServlet'
2022-03-03 15:04:16.355 [http-nio-9090-exec-1] INFO  org.springframework.web.servlet.DispatcherServlet - Initializing Servlet 'dispatcherServlet'
2022-03-03 15:04:16.357 [http-nio-9090-exec-1] INFO  org.springframework.web.servlet.DispatcherServlet - Completed initialization in 2 ms
